0 info it worked if it ends with ok
1 verbose cli [ '/Users/matt/.nvm/versions/node/v6.1.0/bin/node',
1 verbose cli   '/Users/matt/.nvm/versions/node/v6.1.0/bin/npm',
1 verbose cli   'run',
1 verbose cli   'pretest' ]
2 info using npm@3.8.6
3 info using node@v6.1.0
4 verbose run-script [ 'pretest' ]
5 info lifecycle nayuki-canvas@0.0.1~pretest: nayuki-canvas@0.0.1
6 verbose lifecycle nayuki-canvas@0.0.1~pretest: unsafe-perm in lifecycle true
7 verbose lifecycle nayuki-canvas@0.0.1~pretest: PATH: /Users/matt/.nvm/versions/node/v6.1.0/lib/node_modules/npm/bin/node-gyp-bin:/Users/matt/dev/nayuki-canvas/node_modules/.bin:/Users/matt/.nvm/versions/node/v6.1.0/bin:/Users/matt/.nvm/versions/node/v6.1.0/bin:/Users/matt/.rbenv/shims:/Users/matt/bin:/usr/local/git/bin:/sw/bin/:/usr/local/bin:/usr/local/:/usr/local/sbin:/usr/local/mysql/bin:/usr/bin:/bin:/usr/sbin:/sbin:/usr/local/bin:/usr/local/bin/:./node_modules/.bin:../node_modules/.bin:../../node_modules/.bin
8 verbose lifecycle nayuki-canvas@0.0.1~pretest: CWD: /Users/matt/dev/nayuki-canvas
9 silly lifecycle nayuki-canvas@0.0.1~pretest: Args: [ '-c',
9 silly lifecycle   'npm run -s lint && node scripts/build.js dev && node scripts/build-tests.js' ]
10 silly lifecycle nayuki-canvas@0.0.1~pretest: Returned: code: 1  signal: null
11 info lifecycle nayuki-canvas@0.0.1~pretest: Failed to exec pretest script
12 verbose stack Error: nayuki-canvas@0.0.1 pretest: `npm run -s lint && node scripts/build.js dev && node scripts/build-tests.js`
12 verbose stack Exit status 1
12 verbose stack     at EventEmitter.<anonymous> (/Users/matt/.nvm/versions/node/v6.1.0/lib/node_modules/npm/lib/utils/lifecycle.js:239:16)
12 verbose stack     at emitTwo (events.js:106:13)
12 verbose stack     at EventEmitter.emit (events.js:191:7)
12 verbose stack     at ChildProcess.<anonymous> (/Users/matt/.nvm/versions/node/v6.1.0/lib/node_modules/npm/lib/utils/spawn.js:24:14)
12 verbose stack     at emitTwo (events.js:106:13)
12 verbose stack     at ChildProcess.emit (events.js:191:7)
12 verbose stack     at maybeClose (internal/child_process.js:850:16)
12 verbose stack     at Process.ChildProcess._handle.onexit (internal/child_process.js:215:5)
13 verbose pkgid nayuki-canvas@0.0.1
14 verbose cwd /Users/matt/dev/nayuki-canvas
15 error Darwin 15.4.0
16 error argv "/Users/matt/.nvm/versions/node/v6.1.0/bin/node" "/Users/matt/.nvm/versions/node/v6.1.0/bin/npm" "run" "pretest"
17 error node v6.1.0
18 error npm  v3.8.6
19 error code ELIFECYCLE
20 error nayuki-canvas@0.0.1 pretest: `npm run -s lint && node scripts/build.js dev && node scripts/build-tests.js`
20 error Exit status 1
21 error Failed at the nayuki-canvas@0.0.1 pretest script 'npm run -s lint && node scripts/build.js dev && node scripts/build-tests.js'.
21 error Make sure you have the latest version of node.js and npm installed.
21 error If you do, this is most likely a problem with the nayuki-canvas package,
21 error not with npm itself.
21 error Tell the author that this fails on your system:
21 error     npm run -s lint && node scripts/build.js dev && node scripts/build-tests.js
21 error You can get information on how to open an issue for this project with:
21 error     npm bugs nayuki-canvas
21 error Or if that isn't available, you can get their info via:
21 error     npm owner ls nayuki-canvas
21 error There is likely additional logging output above.
22 verbose exit [ 1, true ]
